<?xml version="1.0" encoding="UTF-8"?>
<!-- Generated by org.testng.reporters.JUnitXMLReporter -->
<testsuite hostname="LAPTOP-PH4T5HGA" ignored="16" name="Sanity" tests="3" failures="1" timestamp="2022-10-12T13:25:56 BST" time="71.202" errors="0">
  <testcase name="loginTest" time="16.053" classname="com.e2e.testcases.LoginPageTest"/>
  <testcase name="loginTest" time="14.562" classname="com.e2e.testcases.LoginPageTest">
    <failure type="java.lang.AssertionError" message="expected [https://www.matalan.co.uk/account/edit] but found [https://www.matalan.co.uk/account/login]">
      <![CDATA[java.lang.AssertionError: expected [https://www.matalan.co.uk/account/edit] but found [https://www.matalan.co.uk/account/login]
at com.e2e.testcases.LoginPageTest.loginTest(LoginPageTest.java:47)
at java.util.ArrayList.forEach(Unknown Source)
... Removed 33 stack frames]]>
    </failure>
  </testcase> <!-- loginTest -->
  <testcase name="verifyCreateAccountPageTest" time="8.061" classname="com.e2e.testcases.AccountCreationPageTest"/>
  <testcase name="verifyLogo" time="0.0" classname="com.e2e.testcases.IndexPageTest">
    <ignored/>
  </testcase> <!-- verifyLogo -->
  <testcase name="verifyTotalPrice" time="0.0" classname="com.e2e.testcases.OrderPageTest">
    <ignored/>
  </testcase> <!-- verifyTotalPrice -->
  <testcase name="orderHistoryDetailsTest" time="0.0" classname="com.e2e.testcases.HomePageTest">
    <ignored/>
  </testcase> <!-- orderHistoryDetailsTest -->
  <testcase name="createAccountTest" time="0.0" classname="com.e2e.testcases.AccountCreationPageTest">
    <ignored/>
  </testcase> <!-- createAccountTest -->
  <testcase name="addToCartTest" time="0.0" classname="com.e2e.testcases.addToCartPageTest">
    <ignored/>
  </testcase> <!-- addToCartTest -->
  <testcase name="verifyTitle" time="0.0" classname="com.e2e.testcases.IndexPageTest">
    <ignored/>
  </testcase> <!-- verifyTitle -->
  <testcase name="@BeforeTest loadConfig" time="0.0" classname="com.e2e.testbase.BaseClass">
    <ignored/>
  </testcase> <!-- @BeforeTest loadConfig -->
  <testcase name="@BeforeTest loadConfig" time="0.0" classname="com.e2e.testbase.BaseClass">
    <ignored/>
  </testcase> <!-- @BeforeTest loadConfig -->
  <testcase name="@BeforeTest loadConfig" time="0.0" classname="com.e2e.testbase.BaseClass">
    <ignored/>
  </testcase> <!-- @BeforeTest loadConfig -->
  <testcase name="@BeforeTest loadConfig" time="0.0" classname="com.e2e.testbase.BaseClass">
    <ignored/>
  </testcase> <!-- @BeforeTest loadConfig -->
  <testcase name="@BeforeTest loadConfig" time="0.0" classname="com.e2e.testbase.BaseClass">
    <ignored/>
  </testcase> <!-- @BeforeTest loadConfig -->
  <testcase name="@BeforeTest loadConfig" time="0.0" classname="com.e2e.testbase.BaseClass">
    <ignored/>
  </testcase> <!-- @BeforeTest loadConfig -->
  <testcase name="@BeforeTest loadConfig" time="0.0" classname="com.e2e.testbase.BaseClass">
    <ignored/>
  </testcase> <!-- @BeforeTest loadConfig -->
  <testcase name="endToEndTest" time="0.0" classname="com.e2e.testcases.EndToEndTest">
    <ignored/>
  </testcase> <!-- endToEndTest -->
  <testcase name="validateAccountDetailsTest" time="0.0" classname="com.e2e.testcases.HomePageTest">
    <ignored/>
  </testcase> <!-- validateAccountDetailsTest -->
  <testcase name="productAvailablityTest" time="0.0" classname="com.e2e.testcases.SearchResultPageTest">
    <ignored/>
  </testcase> <!-- productAvailablityTest -->
</testsuite> <!-- Sanity -->
