<?xml version="1.0" encoding="UTF-8"?>
<!-- Generated by org.testng.reporters.JUnitXMLReporter -->
<testsuite hostname="LAPTOP-PH4T5HGA" ignored="13" name="Test" tests="6" failures="1" timestamp="2022-10-11T12:40:19 BST" time="103.552" errors="0">
  <testcase name="loginTest" time="13.497" classname="com.e2e.testcases.LoginPageTest"/>
  <testcase name="loginTest" time="12.992" classname="com.e2e.testcases.LoginPageTest">
    <failure type="java.lang.AssertionError" message="expected [https://www.matalan.co.uk/account/edit] but found [https://www.matalan.co.uk/account/login]">
      <![CDATA[java.lang.AssertionError: expected [https://www.matalan.co.uk/account/edit] but found [https://www.matalan.co.uk/account/login]
at com.e2e.testcases.LoginPageTest.loginTest(LoginPageTest.java:47)
at java.util.ArrayList.forEach(Unknown Source)
... Removed 33 stack frames]]>
    </failure>
  </testcase> <!-- loginTest -->
  <testcase name="orderHistoryDetailsTest" time="15.069" classname="com.e2e.testcases.HomePageTest"/>
  <testcase name="validateAccountDetailsTest" time="13.358" classname="com.e2e.testcases.HomePageTest"/>
  <testcase name="verifyLogo" time="0.159" classname="com.e2e.testcases.IndexPageTest"/>
  <testcase name="verifyTitle" time="0.1" classname="com.e2e.testcases.IndexPageTest"/>
  <testcase name="verifyTotalPrice" time="0.0" classname="com.e2e.testcases.OrderPageTest">
    <ignored/>
  </testcase> <!-- verifyTotalPrice -->
  <testcase name="createAccountTest" time="0.0" classname="com.e2e.testcases.AccountCreationPageTest">
    <ignored/>
  </testcase> <!-- createAccountTest -->
  <testcase name="addToCartTest" time="0.0" classname="com.e2e.testcases.addToCartPageTest">
    <ignored/>
  </testcase> <!-- addToCartTest -->
  <testcase name="@BeforeTest loadConfig" time="0.0" classname="com.e2e.testbase.BaseClass">
    <ignored/>
  </testcase> <!-- @BeforeTest loadConfig -->
  <testcase name="@BeforeTest loadConfig" time="0.0" classname="com.e2e.testbase.BaseClass">
    <ignored/>
  </testcase> <!-- @BeforeTest loadConfig -->
  <testcase name="@BeforeTest loadConfig" time="0.0" classname="com.e2e.testbase.BaseClass">
    <ignored/>
  </testcase> <!-- @BeforeTest loadConfig -->
  <testcase name="@BeforeTest loadConfig" time="0.0" classname="com.e2e.testbase.BaseClass">
    <ignored/>
  </testcase> <!-- @BeforeTest loadConfig -->
  <testcase name="@BeforeTest loadConfig" time="0.0" classname="com.e2e.testbase.BaseClass">
    <ignored/>
  </testcase> <!-- @BeforeTest loadConfig -->
  <testcase name="@BeforeTest loadConfig" time="0.0" classname="com.e2e.testbase.BaseClass">
    <ignored/>
  </testcase> <!-- @BeforeTest loadConfig -->
  <testcase name="@BeforeTest loadConfig" time="0.0" classname="com.e2e.testbase.BaseClass">
    <ignored/>
  </testcase> <!-- @BeforeTest loadConfig -->
  <testcase name="endToEndTest" time="0.0" classname="com.e2e.testcases.EndToEndTest">
    <ignored/>
  </testcase> <!-- endToEndTest -->
  <testcase name="verifyCreateAccountPageTest" time="0.0" classname="com.e2e.testcases.AccountCreationPageTest">
    <ignored/>
  </testcase> <!-- verifyCreateAccountPageTest -->
  <testcase name="productAvailablityTest" time="0.0" classname="com.e2e.testcases.SearchResultPageTest">
    <ignored/>
  </testcase> <!-- productAvailablityTest -->
</testsuite> <!-- Test -->
